# Timestep     No_Moles     No_Specs     H	H2	
5000        396          2	 392	 4	
# Timestep     No_Moles     No_Specs     H	H2	
10000        395          2	 390	 5	
# Timestep     No_Moles     No_Specs     H	H2	
15000        395          2	 390	 5	
# Timestep     No_Moles     No_Specs     H	H2	H3	
20000        392          3	 385	 6	 1	
# Timestep     No_Moles     No_Specs     H	H2	H3	
25000        391          3	 383	 7	 1	
# Timestep     No_Moles     No_Specs     H	H2	H3	
30000        391          3	 383	 7	 1	
# Timestep     No_Moles     No_Specs     H	H2	H3	
35000        391          3	 383	 7	 1	
# Timestep     No_Moles     No_Specs     H	H2	H3	
40000        389          3	 379	 9	 1	
# Timestep     No_Moles     No_Specs     H	H2	
45000        389          2	 378	 11	
# Timestep     No_Moles     No_Specs     H	H2	
50000        389          2	 378	 11	
# Timestep     No_Moles     No_Specs     H	H2	H3	
55000        387          3	 375	 11	 1	
# Timestep     No_Moles     No_Specs     H	H2	H3	
60000        387          3	 375	 11	 1	
# Timestep     No_Moles     No_Specs     H	H2	H4	H3	
65000        386          4	 375	 9	 1	 1	
# Timestep     No_Moles     No_Specs     H	H2	H4	H3	
70000        386          4	 375	 9	 1	 1	
# Timestep     No_Moles     No_Specs     H	H2	H3	
75000        387          3	 375	 11	 1	
# Timestep     No_Moles     No_Specs     H	H2	H3	
80000        385          3	 372	 11	 2	
# Timestep     No_Moles     No_Specs     H	H2	H3	
85000        385          3	 372	 11	 2	
# Timestep     No_Moles     No_Specs     H	H2	H3	
90000        383          3	 370	 9	 4	
# Timestep     No_Moles     No_Specs     H	H2	H3	
95000        384          3	 371	 10	 3	
# Timestep     No_Moles     No_Specs     H	H2	H3	
100000        384          3	 371	 10	 3	
# Timestep     No_Moles     No_Specs     H	H2	H3	
105000        383          3	 370	 9	 4	
# Timestep     No_Moles     No_Specs     H	H2	H3	
110000        382          3	 368	 10	 4	
# Timestep     No_Moles     No_Specs     H	H2	H3	
115000        381          3	 366	 11	 4	
# Timestep     No_Moles     No_Specs     H	H2	H3	
120000        381          3	 366	 11	 4	
# Timestep     No_Moles     No_Specs     H	H2	H3	
125000        380          3	 365	 10	 5	
# Timestep     No_Moles     No_Specs     H	H2	H3	
130000        377          3	 361	 9	 7	
# Timestep     No_Moles     No_Specs     H	H2	H3	
135000        378          3	 361	 12	 5	
# Timestep     No_Moles     No_Specs     H	H2	H3	H4	
140000        376          4	 358	 13	 4	 1	
# Timestep     No_Moles     No_Specs     H	H2	H3	
145000        375          3	 356	 13	 6	
# Timestep     No_Moles     No_Specs     H	H2	H3	
150000        374          3	 355	 12	 7	
# Timestep     No_Moles     No_Specs     H	H2	H3	
155000        372          3	 351	 14	 7	
# Timestep     No_Moles     No_Specs     H	H2	H3	
160000        372          3	 351	 14	 7	
# Timestep     No_Moles     No_Specs     H	H2	H3	H5	
165000        370          4	 349	 14	 6	 1	
# Timestep     No_Moles     No_Specs     H	H2	H3	H4	
170000        370          4	 348	 15	 6	 1	
# Timestep     No_Moles     No_Specs     H	H2	H3	H4	
175000        370          4	 348	 15	 6	 1	
# Timestep     No_Moles     No_Specs     H	H2	H3	H4	
180000        369          4	 346	 16	 6	 1	
# Timestep     No_Moles     No_Specs     H	H2	H3	
185000        370          3	 346	 18	 6	
# Timestep     No_Moles     No_Specs     H	H2	H3	
190000        370          3	 346	 18	 6	
# Timestep     No_Moles     No_Specs     H	H2	H3	
195000        369          3	 344	 19	 6	
# Timestep     No_Moles     No_Specs     H	H2	H3	
200000        368          3	 342	 20	 6	
# Timestep     No_Moles     No_Specs     H	H2	H3	
205000        367          3	 340	 21	 6	
# Timestep     No_Moles     No_Specs     H	H2	H3	
210000        367          3	 340	 21	 6	
# Timestep     No_Moles     No_Specs     H	H2	H3	H4	
215000        364          4	 337	 19	 7	 1	
# Timestep     No_Moles     No_Specs     H	H2	H3	
220000        364          3	 336	 20	 8	
# Timestep     No_Moles     No_Specs     H	H2	H3	
225000        364          3	 336	 20	 8	
# Timestep     No_Moles     No_Specs     H	H2	H4	H3	
230000        361          4	 334	 17	 2	 8	
# Timestep     No_Moles     No_Specs     H	H2	H3	H4	
235000        360          4	 331	 19	 9	 1	
# Timestep     No_Moles     No_Specs     H	H2	H3	H4	
240000        359          4	 330	 18	 10	 1	
# Timestep     No_Moles     No_Specs     H	H2	H3	H4	
245000        358          4	 328	 19	 10	 1	
# Timestep     No_Moles     No_Specs     H	H2	H3	
250000        358          3	 325	 24	 9	
# Timestep     No_Moles     No_Specs     H	H2	H3	
255000        357          3	 323	 25	 9	
# Timestep     No_Moles     No_Specs     H	H2	H3	
260000        356          3	 320	 28	 8	
# Timestep     No_Moles     No_Specs     H	H2	H3	
265000        356          3	 320	 28	 8	
# Timestep     No_Moles     No_Specs     H	H2	H3	
270000        354          3	 317	 28	 9	
# Timestep     No_Moles     No_Specs     H	H2	H3	
275000        354          3	 317	 28	 9	
# Timestep     No_Moles     No_Specs     H	H2	H3	H4	
280000        352          4	 314	 29	 8	 1	
# Timestep     No_Moles     No_Specs     H	H2	H3	
285000        353          3	 314	 31	 8	
# Timestep     No_Moles     No_Specs     H	H2	H3	H4	
290000        352          4	 313	 31	 7	 1	
# Timestep     No_Moles     No_Specs     H	H2	H3	
295000        353          3	 313	 33	 7	
# Timestep     No_Moles     No_Specs     H	H2	H3	
300000        352          3	 312	 32	 8	
# Timestep     No_Moles     No_Specs     H	H2	H3	
305000        351          3	 310	 33	 8	
# Timestep     No_Moles     No_Specs     H	H2	H3	
310000        349          3	 306	 35	 8	
# Timestep     No_Moles     No_Specs     H	H2	H3	
315000        348          3	 305	 34	 9	
# Timestep     No_Moles     No_Specs     H	H2	H3	
320000        347          3	 302	 37	 8	
# Timestep     No_Moles     No_Specs     H	H2	H3	H4	
325000        344          4	 297	 39	 7	 1	
# Timestep     No_Moles     No_Specs     H	H2	H3	
330000        342          3	 293	 40	 9	
# Timestep     No_Moles     No_Specs     H	H2	H3	
335000        340          3	 291	 38	 11	
# Timestep     No_Moles     No_Specs     H	H2	H3	
340000        340          3	 291	 38	 11	
# Timestep     No_Moles     No_Specs     H	H2	H3	H4	
345000        336          4	 287	 36	 11	 2	
# Timestep     No_Moles     No_Specs     H	H2	H3	H4	
350000        335          4	 285	 36	 13	 1	
# Timestep     No_Moles     No_Specs     H	H2	H3	
355000        336          3	 285	 38	 13	
# Timestep     No_Moles     No_Specs     H	H2	H3	H4	
360000        334          4	 282	 39	 12	 1	
# Timestep     No_Moles     No_Specs     H	H2	H3	H4	H5	
365000        332          5	 280	 39	 11	 1	 1	
# Timestep     No_Moles     No_Specs     H	H2	H3	H5	
370000        332          4	 280	 38	 13	 1	
# Timestep     No_Moles     No_Specs     H	H2	H3	H4	H5	
375000        328          5	 275	 37	 14	 1	 1	
# Timestep     No_Moles     No_Specs     H	H2	H3	H5	
380000        329          4	 274	 41	 13	 1	
# Timestep     No_Moles     No_Specs     H	H2	H3	H5	
385000        329          4	 275	 39	 14	 1	
# Timestep     No_Moles     No_Specs     H	H2	H3	H5	
390000        329          4	 275	 39	 14	 1	
# Timestep     No_Moles     No_Specs     H	H2	H3	H4	H5	
395000        328          5	 274	 39	 13	 1	 1	
# Timestep     No_Moles     No_Specs     H	H2	H3	H5	
400000        327          4	 273	 39	 13	 2	
# Timestep     No_Moles     No_Specs     H	H2	H3	
405000        329          3	 273	 41	 15	
# Timestep     No_Moles     No_Specs     H	H2	H3	
410000        326          3	 268	 42	 16	
# Timestep     No_Moles     No_Specs     H	H2	H3	
415000        325          3	 267	 41	 17	
# Timestep     No_Moles     No_Specs     H	H2	H3	H4	H5	
420000        324          5	 267	 41	 14	 1	 1	
# Timestep     No_Moles     No_Specs     H	H2	H3	
425000        324          3	 265	 42	 17	
# Timestep     No_Moles     No_Specs     H	H2	H3	
430000        317          3	 252	 47	 18	
# Timestep     No_Moles     No_Specs     H	H2	H3	
435000        321          3	 257	 49	 15	
# Timestep     No_Moles     No_Specs     H	H2	H3	
440000        320          3	 255	 50	 15	
# Timestep     No_Moles     No_Specs     H	H2	H3	
445000        316          3	 249	 50	 17	
# Timestep     No_Moles     No_Specs     H	H2	H3	H4	
450000        316          4	 249	 51	 15	 1	
# Timestep     No_Moles     No_Specs     H	H2	H3	
455000        315          3	 248	 49	 18	
# Timestep     No_Moles     No_Specs     H	H2	H3	
460000        313          3	 244	 51	 18	
# Timestep     No_Moles     No_Specs     H	H2	H3	
465000        311          3	 241	 51	 19	
# Timestep     No_Moles     No_Specs     H	H2	H3	H4	
470000        307          4	 237	 49	 19	 2	
# Timestep     No_Moles     No_Specs     H	H2	H3	H4	
475000        308          4	 237	 51	 19	 1	
# Timestep     No_Moles     No_Specs     H	H2	H3	
480000        307          3	 233	 55	 19	
# Timestep     No_Moles     No_Specs     H	H2	H3	H4	
485000        303          4	 227	 56	 19	 1	
# Timestep     No_Moles     No_Specs     H	H2	H3	
490000        304          3	 229	 54	 21	
# Timestep     No_Moles     No_Specs     H	H2	H3	H4	
495000        303          4	 228	 54	 20	 1	
# Timestep     No_Moles     No_Specs     H	H2	H3	H4	
500000        304          4	 230	 53	 20	 1	
